<?xml version="1.0" encoding="UTF-8"?>
<!-- Generated by org.testng.reporters.JUnitReportReporter -->
<testsuite skipped="2" hostname="HAUSGSGPA0011C" name="Guru99.Guru99.TestNG_Practice" tests="2" failures="0" timestamp="01 Nov 2018 08:53:50 GMT" time="0.000" errors="0">
  <testcase name="f" time="0.000" classname="Guru99.Guru99.TestNG_Practice">
    <skipped/>
  </testcase> <!-- f -->
  <testcase name="g" time="0.000" classname="Guru99.Guru99.TestNG_Practice">
    <skipped/>
  </testcase> <!-- g -->
</testsuite> <!-- Guru99.Guru99.TestNG_Practice -->
