<?xml version="1.0" encoding="UTF-8"?>
<!-- Generated by org.testng.reporters.JUnitReportReporter -->
<testsuite skipped="1" hostname="HAUSGSGPA0011C" name="Guru99.Guru99.Parameters" tests="2" failures="0" timestamp="30 Oct 2018 04:03:52 GMT" time="13.354" errors="0">
  <testcase name="f" time="13.354" classname="Guru99.Guru99.Parameters"/>
  <testcase name="g" classname="Guru99.Guru99.Parameters">
    <skipped/>
  </testcase> <!-- g -->
</testsuite> <!-- Guru99.Guru99.Parameters -->
