<?xml version="1.0" encoding="UTF-8"?>
<!-- Generated by org.testng.reporters.JUnitReportReporter -->
<testsuite skipped="0" hostname="HAUSGSGPA0011C" name="Guru99.Guru99.Dynamic_WebTable" tests="1" failures="0" timestamp="30 Oct 2018 03:10:03 GMT" time="66.250" errors="0">
  <testcase name="f" time="66.250" classname="Guru99.Guru99.Dynamic_WebTable"/>
</testsuite> <!-- Guru99.Guru99.Dynamic_WebTable -->
