<?xml version="1.0" encoding="UTF-8"?>
<!-- Generated by org.testng.reporters.JUnitReportReporter -->
<testsuite skipped="0" hostname="HAUSGSGPA0011C" name="Guru99.Guru99.Apache_POI" tests="2" failures="0" timestamp="30 Oct 2018 08:31:10 GMT" time="0.778" errors="0">
  <testcase name="f" time="0.556" classname="Guru99.Guru99.Apache_POI"/>
  <testcase name="g" time="0.222" classname="Guru99.Guru99.Apache_POI"/>
</testsuite> <!-- Guru99.Guru99.Apache_POI -->
