<?xml version="1.0" encoding="UTF-8"?>
<!-- Generated by org.testng.reporters.JUnitReportReporter -->
<testsuite skipped="0" hostname="HAUSGSGPA0011C" name="Guru99.Guru99.Alert_Popup" tests="1" failures="0" timestamp="30 Oct 2018 03:10:03 GMT" time="51.628" errors="0">
  <testcase name="driver" time="51.628" classname="Guru99.Guru99.Alert_Popup"/>
</testsuite> <!-- Guru99.Guru99.Alert_Popup -->
