<?xml version="1.0" encoding="UTF-8"?>
<!-- Generated by org.testng.reporters.JUnitReportReporter -->
<testsuite skipped="0" hostname="HAUSGSGPA0011C" name="Practice.Practice.Reflection_Generics" tests="2" failures="0" timestamp="09 Nov 2018 10:03:36 GMT" time="0.049" errors="0">
  <testcase name="g" time="0.006" classname="Practice.Practice.Reflection_Generics"/>
  <testcase name="i" time="0.043" classname="Practice.Practice.Reflection_Generics"/>
</testsuite> <!-- Practice.Practice.Reflection_Generics -->
